<?xml version="1.0" encoding="UTF-8"?>
<coverage generated="1732022082078" clover="3.2.0">
  <project timestamp="1732022082078" name="All files">
    <metrics statements="61" coveredstatements="60" conditionals="35" coveredconditionals="34" methods="15" coveredmethods="15" elements="111" coveredelements="109" complexity="0" loc="61" ncloc="61" packages="2" files="6" classes="6"/>
    <package name="__fixtures__">
      <metrics statements="3" coveredstatements="3" conditionals="0" coveredconditionals="0" methods="0" coveredmethods="0"/>
      <file name="result.js" path="/home/diana_zh/frontend-project-46/__fixtures__/result.js">
        <metrics statements="1" coveredstatements="1" conditionals="0" coveredconditionals="0" methods="0" coveredmethods="0"/>
        <line num="1" count="1" type="stmt"/>
      </file>
      <file name="resultJSON.js" path="/home/diana_zh/frontend-project-46/__fixtures__/resultJSON.js">
        <metrics statements="1" coveredstatements="1" conditionals="0" coveredconditionals="0" methods="0" coveredmethods="0"/>
        <line num="1" count="1" type="stmt"/>
      </file>
      <file name="resultPlain.js" path="/home/diana_zh/frontend-project-46/__fixtures__/resultPlain.js">
        <metrics statements="1" coveredstatements="1" conditionals="0" coveredconditionals="0" methods="0" coveredmethods="0"/>
        <line num="1" count="1" type="stmt"/>
      </file>
    </package>
    <package name="src">
      <metrics statements="58" coveredstatements="57" conditionals="35" coveredconditionals="34" methods="15" coveredmethods="15"/>
      <file name="formatter.js" path="/home/diana_zh/frontend-project-46/src/formatter.js">
        <metrics statements="47" coveredstatements="46" conditionals="34" coveredconditionals="33" methods="10" coveredmethods="10"/>
        <line num="3" count="1" type="cond" truecount="1" falsecount="0"/>
        <line num="4" count="48" type="stmt"/>
        <line num="5" count="96" type="cond" truecount="2" falsecount="0"/>
        <line num="6" count="16" type="stmt"/>
        <line num="8" count="80" type="stmt"/>
        <line num="10" count="48" type="stmt"/>
        <line num="11" count="48" type="stmt"/>
        <line num="12" count="108" type="stmt"/>
        <line num="13" count="108" type="stmt"/>
        <line num="14" count="108" type="cond" truecount="2" falsecount="0"/>
        <line num="15" count="20" type="stmt"/>
        <line num="17" count="88" type="cond" truecount="2" falsecount="0"/>
        <line num="18" count="8" type="stmt"/>
        <line num="20" count="80" type="cond" truecount="4" falsecount="0"/>
        <line num="21" count="28" type="stmt"/>
        <line num="23" count="52" type="cond" truecount="2" falsecount="0"/>
        <line num="24" count="36" type="stmt"/>
        <line num="26" count="16" type="stmt"/>
        <line num="29" count="48" type="stmt"/>
        <line num="32" count="1" type="stmt"/>
        <line num="33" count="2" type="stmt"/>
        <line num="34" count="26" type="cond" truecount="2" falsecount="0"/>
        <line num="35" count="6" type="stmt"/>
        <line num="37" count="20" type="cond" truecount="2" falsecount="0"/>
        <line num="38" count="6" type="stmt"/>
        <line num="41" count="2" type="cond" truecount="1" falsecount="0"/>
        <line num="42" count="10" type="stmt"/>
        <line num="43" count="26" type="cond" truecount="2" falsecount="0"/>
        <line num="44" count="26" type="cond" truecount="2" falsecount="0"/>
        <line num="45" count="4" type="stmt"/>
        <line num="46" count="22" type="cond" truecount="2" falsecount="0"/>
        <line num="47" count="6" type="stmt"/>
        <line num="48" count="16" type="cond" truecount="4" falsecount="0"/>
        <line num="49" count="8" type="stmt"/>
        <line num="51" count="8" type="stmt"/>
        <line num="54" count="32" type="stmt"/>
        <line num="56" count="10" type="stmt"/>
        <line num="57" count="10" type="cond" truecount="2" falsecount="0"/>
        <line num="58" count="10" type="stmt"/>
        <line num="61" count="10" type="stmt"/>
        <line num="63" count="2" type="stmt"/>
        <line num="66" count="1" type="stmt"/>
        <line num="67" count="8" type="cond" truecount="3" falsecount="1"/>
        <line num="69" count="4" type="stmt"/>
        <line num="71" count="2" type="stmt"/>
        <line num="73" count="2" type="stmt"/>
        <line num="75" count="0" type="stmt"/>
      </file>
      <file name="index.js" path="/home/diana_zh/frontend-project-46/src/index.js">
        <metrics statements="9" coveredstatements="9" conditionals="1" coveredconditionals="1" methods="4" coveredmethods="4"/>
        <line num="6" count="1" type="cond" truecount="1" falsecount="0"/>
        <line num="7" count="16" type="stmt"/>
        <line num="8" count="16" type="stmt"/>
        <line num="10" count="16" type="stmt"/>
        <line num="15" count="8" type="stmt"/>
        <line num="16" count="8" type="stmt"/>
        <line num="18" count="8" type="stmt"/>
        <line num="19" count="8" type="stmt"/>
        <line num="21" count="8" type="stmt"/>
      </file>
      <file name="parsers.js" path="/home/diana_zh/frontend-project-46/src/parsers.js">
        <metrics statements="2" coveredstatements="2" conditionals="0" coveredconditionals="0" methods="1" coveredmethods="1"/>
        <line num="3" count="1" type="stmt"/>
        <line num="9" count="16" type="stmt"/>
      </file>
    </package>
  </project>
</coverage>
