{"/home/diana_zh/frontend-project-46/__fixtures__/result.js": {"path":"/home/diana_zh/frontend-project-46/__fixtures__/result.js","statementMap":{"0":{"start":{"line":1,"column":15},"end":{"line":44,"column":2}}},"fnMap":{},"branchMap":{},"s":{"0":1},"f":{},"b":{},"inputSourceMap":null,"_coverageSchema":"1a1c01bbd47fc00a2c39e90264f33305004495a9","hash":"1d01cca5152b8f6dffe6cfb8697960b6fb115102"}
,"/home/diana_zh/frontend-project-46/__fixtures__/resultJSON.js": {"path":"/home/diana_zh/frontend-project-46/__fixtures__/resultJSON.js","statementMap":{"0":{"start":{"line":1,"column":15},"end":{"line":1,"column":224}}},"fnMap":{},"branchMap":{},"s":{"0":1},"f":{},"b":{},"inputSourceMap":null,"_coverageSchema":"1a1c01bbd47fc00a2c39e90264f33305004495a9","hash":"10635698426e91c375761cb1e6a794191643f562"}
,"/home/diana_zh/frontend-project-46/__fixtures__/resultPlain.js": {"path":"/home/diana_zh/frontend-project-46/__fixtures__/resultPlain.js","statementMap":{"0":{"start":{"line":1,"column":15},"end":{"line":11,"column":56}}},"fnMap":{},"branchMap":{},"s":{"0":1},"f":{},"b":{},"inputSourceMap":null,"_coverageSchema":"1a1c01bbd47fc00a2c39e90264f33305004495a9","hash":"c3cb7f67a8f7607345442b140899857fddfeabd2"}
,"/home/diana_zh/frontend-project-46/src/formatter.js": {"path":"/home/diana_zh/frontend-project-46/src/formatter.js","statementMap":{"0":{"start":{"line":3,"column":24},"end":{"line":30,"column":1}},"1":{"start":{"line":4,"column":23},"end":{"line":9,"column":3}},"2":{"start":{"line":5,"column":4},"end":{"line":7,"column":5}},"3":{"start":{"line":6,"column":6},"end":{"line":6,"column":55}},"4":{"start":{"line":8,"column":4},"end":{"line":8,"column":17}},"5":{"start":{"line":10,"column":15},"end":{"line":10,"column":71}},"6":{"start":{"line":11,"column":20},"end":{"line":27,"column":4}},"7":{"start":{"line":12,"column":25},"end":{"line":12,"column":43}},"8":{"start":{"line":13,"column":24},"end":{"line":13,"column":46}},"9":{"start":{"line":14,"column":4},"end":{"line":16,"column":5}},"10":{"start":{"line":15,"column":6},"end":{"line":15,"column":91}},"11":{"start":{"line":17,"column":4},"end":{"line":19,"column":5}},"12":{"start":{"line":18,"column":6},"end":{"line":18,"column":91}},"13":{"start":{"line":20,"column":4},"end":{"line":22,"column":5}},"14":{"start":{"line":21,"column":6},"end":{"line":21,"column":92}},"15":{"start":{"line":23,"column":4},"end":{"line":25,"column":5}},"16":{"start":{"line":24,"column":6},"end":{"line":24,"column":91}},"17":{"start":{"line":26,"column":4},"end":{"line":26,"column":166}},"18":{"start":{"line":29,"column":2},"end":{"line":29,"column":66}},"19":{"start":{"line":32,"column":22},"end":{"line":64,"column":1}},"20":{"start":{"line":33,"column":22},"end":{"line":39,"column":3}},"21":{"start":{"line":34,"column":4},"end":{"line":36,"column":5}},"22":{"start":{"line":35,"column":6},"end":{"line":35,"column":31}},"23":{"start":{"line":37,"column":4},"end":{"line":37,"column":55}},"24":{"start":{"line":37,"column":35},"end":{"line":37,"column":55}},"25":{"start":{"line":38,"column":4},"end":{"line":38,"column":17}},"26":{"start":{"line":41,"column":25},"end":{"line":62,"column":3}},"27":{"start":{"line":42,"column":23},"end":{"line":52,"column":10}},"28":{"start":{"line":43,"column":22},"end":{"line":43,"column":55}},"29":{"start":{"line":44,"column":6},"end":{"line":46,"column":7}},"30":{"start":{"line":45,"column":8},"end":{"line":45,"column":63}},"31":{"start":{"line":46,"column":8},"end":{"line":48,"column":7}},"32":{"start":{"line":47,"column":8},"end":{"line":47,"column":19}},"33":{"start":{"line":48,"column":8},"end":{"line":50,"column":7}},"34":{"start":{"line":49,"column":8},"end":{"line":49,"column":73}},"35":{"start":{"line":51,"column":6},"end":{"line":51,"column":122}},"36":{"start":{"line":54,"column":20},"end":{"line":55,"column":38}},"37":{"start":{"line":54,"column":54},"end":{"line":55,"column":37}},"38":{"start":{"line":56,"column":26},"end":{"line":59,"column":6}},"39":{"start":{"line":57,"column":22},"end":{"line":57,"column":55}},"40":{"start":{"line":58,"column":6},"end":{"line":58,"column":85}},"41":{"start":{"line":61,"column":4},"end":{"line":61,"column":55}},"42":{"start":{"line":63,"column":2},"end":{"line":63,"column":49}},"43":{"start":{"line":66,"column":18},"end":{"line":77,"column":1}},"44":{"start":{"line":67,"column":2},"end":{"line":76,"column":3}},"45":{"start":{"line":69,"column":6},"end":{"line":69,"column":43}},"46":{"start":{"line":71,"column":6},"end":{"line":71,"column":41}},"47":{"start":{"line":73,"column":6},"end":{"line":73,"column":48}},"48":{"start":{"line":75,"column":6},"end":{"line":75,"column":38}}},"fnMap":{"0":{"name":"(anonymous_0)","decl":{"start":{"line":3,"column":24},"end":{"line":3,"column":25}},"loc":{"start":{"line":3,"column":51},"end":{"line":30,"column":1}},"line":3},"1":{"name":"(anonymous_1)","decl":{"start":{"line":4,"column":23},"end":{"line":4,"column":24}},"loc":{"start":{"line":4,"column":42},"end":{"line":9,"column":3}},"line":4},"2":{"name":"(anonymous_2)","decl":{"start":{"line":11,"column":29},"end":{"line":11,"column":30}},"loc":{"start":{"line":11,"column":38},"end":{"line":27,"column":3}},"line":11},"3":{"name":"(anonymous_3)","decl":{"start":{"line":32,"column":22},"end":{"line":32,"column":23}},"loc":{"start":{"line":32,"column":40},"end":{"line":64,"column":1}},"line":32},"4":{"name":"(anonymous_4)","decl":{"start":{"line":33,"column":22},"end":{"line":33,"column":23}},"loc":{"start":{"line":33,"column":33},"end":{"line":39,"column":3}},"line":33},"5":{"name":"(anonymous_5)","decl":{"start":{"line":41,"column":25},"end":{"line":41,"column":26}},"loc":{"start":{"line":41,"column":54},"end":{"line":62,"column":3}},"line":41},"6":{"name":"(anonymous_6)","decl":{"start":{"line":42,"column":48},"end":{"line":42,"column":49}},"loc":{"start":{"line":42,"column":62},"end":{"line":52,"column":5}},"line":42},"7":{"name":"(anonymous_7)","decl":{"start":{"line":54,"column":45},"end":{"line":54,"column":46}},"loc":{"start":{"line":54,"column":54},"end":{"line":55,"column":37}},"line":54},"8":{"name":"(anonymous_8)","decl":{"start":{"line":56,"column":38},"end":{"line":56,"column":39}},"loc":{"start":{"line":56,"column":47},"end":{"line":59,"column":5}},"line":56},"9":{"name":"(anonymous_9)","decl":{"start":{"line":66,"column":18},"end":{"line":66,"column":19}},"loc":{"start":{"line":66,"column":44},"end":{"line":77,"column":1}},"line":66}},"branchMap":{"0":{"loc":{"start":{"line":3,"column":37},"end":{"line":3,"column":46}},"type":"default-arg","locations":[{"start":{"line":3,"column":45},"end":{"line":3,"column":46}}],"line":3},"1":{"loc":{"start":{"line":5,"column":4},"end":{"line":7,"column":5}},"type":"if","locations":[{"start":{"line":5,"column":4},"end":{"line":7,"column":5}},{"start":{},"end":{}}],"line":5},"2":{"loc":{"start":{"line":14,"column":4},"end":{"line":16,"column":5}},"type":"if","locations":[{"start":{"line":14,"column":4},"end":{"line":16,"column":5}},{"start":{},"end":{}}],"line":14},"3":{"loc":{"start":{"line":17,"column":4},"end":{"line":19,"column":5}},"type":"if","locations":[{"start":{"line":17,"column":4},"end":{"line":19,"column":5}},{"start":{},"end":{}}],"line":17},"4":{"loc":{"start":{"line":20,"column":4},"end":{"line":22,"column":5}},"type":"if","locations":[{"start":{"line":20,"column":4},"end":{"line":22,"column":5}},{"start":{},"end":{}}],"line":20},"5":{"loc":{"start":{"line":20,"column":8},"end":{"line":20,"column":54}},"type":"binary-expr","locations":[{"start":{"line":20,"column":8},"end":{"line":20,"column":29}},{"start":{"line":20,"column":33},"end":{"line":20,"column":54}}],"line":20},"6":{"loc":{"start":{"line":23,"column":4},"end":{"line":25,"column":5}},"type":"if","locations":[{"start":{"line":23,"column":4},"end":{"line":25,"column":5}},{"start":{},"end":{}}],"line":23},"7":{"loc":{"start":{"line":34,"column":4},"end":{"line":36,"column":5}},"type":"if","locations":[{"start":{"line":34,"column":4},"end":{"line":36,"column":5}},{"start":{},"end":{}}],"line":34},"8":{"loc":{"start":{"line":37,"column":4},"end":{"line":37,"column":55}},"type":"if","locations":[{"start":{"line":37,"column":4},"end":{"line":37,"column":55}},{"start":{},"end":{}}],"line":37},"9":{"loc":{"start":{"line":41,"column":38},"end":{"line":41,"column":49}},"type":"default-arg","locations":[{"start":{"line":41,"column":47},"end":{"line":41,"column":49}}],"line":41},"10":{"loc":{"start":{"line":43,"column":22},"end":{"line":43,"column":55}},"type":"cond-expr","locations":[{"start":{"line":43,"column":31},"end":{"line":43,"column":49}},{"start":{"line":43,"column":52},"end":{"line":43,"column":55}}],"line":43},"11":{"loc":{"start":{"line":44,"column":6},"end":{"line":46,"column":7}},"type":"if","locations":[{"start":{"line":44,"column":6},"end":{"line":46,"column":7}},{"start":{},"end":{}}],"line":44},"12":{"loc":{"start":{"line":46,"column":8},"end":{"line":48,"column":7}},"type":"if","locations":[{"start":{"line":46,"column":8},"end":{"line":48,"column":7}},{"start":{},"end":{}}],"line":46},"13":{"loc":{"start":{"line":48,"column":8},"end":{"line":50,"column":7}},"type":"if","locations":[{"start":{"line":48,"column":8},"end":{"line":50,"column":7}},{"start":{},"end":{}}],"line":48},"14":{"loc":{"start":{"line":48,"column":12},"end":{"line":48,"column":68}},"type":"binary-expr","locations":[{"start":{"line":48,"column":12},"end":{"line":48,"column":38}},{"start":{"line":48,"column":42},"end":{"line":48,"column":68}}],"line":48},"15":{"loc":{"start":{"line":57,"column":22},"end":{"line":57,"column":55}},"type":"cond-expr","locations":[{"start":{"line":57,"column":31},"end":{"line":57,"column":49}},{"start":{"line":57,"column":52},"end":{"line":57,"column":55}}],"line":57},"16":{"loc":{"start":{"line":67,"column":2},"end":{"line":76,"column":3}},"type":"switch","locations":[{"start":{"line":68,"column":4},"end":{"line":69,"column":43}},{"start":{"line":70,"column":4},"end":{"line":71,"column":41}},{"start":{"line":72,"column":4},"end":{"line":73,"column":48}},{"start":{"line":74,"column":4},"end":{"line":75,"column":38}}],"line":67}},"s":{"0":1,"1":48,"2":96,"3":16,"4":80,"5":48,"6":48,"7":108,"8":108,"9":108,"10":20,"11":88,"12":8,"13":80,"14":28,"15":52,"16":36,"17":16,"18":48,"19":1,"20":2,"21":26,"22":6,"23":20,"24":14,"25":6,"26":2,"27":10,"28":26,"29":26,"30":4,"31":22,"32":6,"33":16,"34":8,"35":8,"36":10,"37":32,"38":10,"39":10,"40":10,"41":10,"42":2,"43":1,"44":8,"45":4,"46":2,"47":2,"48":0},"f":{"0":48,"1":96,"2":108,"3":2,"4":26,"5":10,"6":26,"7":32,"8":10,"9":8},"b":{"0":[4],"1":[16,80],"2":[20,88],"3":[8,80],"4":[28,52],"5":[80,32],"6":[36,16],"7":[6,20],"8":[14,6],"9":[2],"10":[20,6],"11":[4,22],"12":[6,16],"13":[8,8],"14":[16,10],"15":[8,2],"16":[4,2,2,0]},"inputSourceMap":null,"_coverageSchema":"1a1c01bbd47fc00a2c39e90264f33305004495a9","hash":"f683b47041f5211ff6c9e22b4cd1515f9bb1f85c"}
,"/home/diana_zh/frontend-project-46/src/index.js": {"path":"/home/diana_zh/frontend-project-46/src/index.js","statementMap":{"0":{"start":{"line":6,"column":16},"end":{"line":22,"column":1}},"1":{"start":{"line":7,"column":22},"end":{"line":7,"column":58}},"2":{"start":{"line":7,"column":36},"end":{"line":7,"column":58}},"3":{"start":{"line":8,"column":23},"end":{"line":8,"column":68}},"4":{"start":{"line":8,"column":37},"end":{"line":8,"column":68}},"5":{"start":{"line":10,"column":18},"end":{"line":13,"column":4}},"6":{"start":{"line":10,"column":32},"end":{"line":13,"column":4}},"7":{"start":{"line":15,"column":16},"end":{"line":15,"column":34}},"8":{"start":{"line":16,"column":16},"end":{"line":16,"column":34}},"9":{"start":{"line":18,"column":17},"end":{"line":18,"column":31}},"10":{"start":{"line":19,"column":17},"end":{"line":19,"column":31}},"11":{"start":{"line":21,"column":2},"end":{"line":21,"column":43}}},"fnMap":{"0":{"name":"(anonymous_0)","decl":{"start":{"line":6,"column":16},"end":{"line":6,"column":17}},"loc":{"start":{"line":6,"column":54},"end":{"line":22,"column":1}},"line":6},"1":{"name":"(anonymous_1)","decl":{"start":{"line":7,"column":22},"end":{"line":7,"column":23}},"loc":{"start":{"line":7,"column":36},"end":{"line":7,"column":58}},"line":7},"2":{"name":"(anonymous_2)","decl":{"start":{"line":8,"column":23},"end":{"line":8,"column":24}},"loc":{"start":{"line":8,"column":37},"end":{"line":8,"column":68}},"line":8},"3":{"name":"(anonymous_3)","decl":{"start":{"line":10,"column":18},"end":{"line":10,"column":19}},"loc":{"start":{"line":10,"column":32},"end":{"line":13,"column":4}},"line":10}},"branchMap":{"0":{"loc":{"start":{"line":6,"column":31},"end":{"line":6,"column":49}},"type":"default-arg","locations":[{"start":{"line":6,"column":40},"end":{"line":6,"column":49}}],"line":6}},"s":{"0":1,"1":8,"2":16,"3":8,"4":16,"5":8,"6":16,"7":8,"8":8,"9":8,"10":8,"11":8},"f":{"0":8,"1":16,"2":16,"3":16},"b":{"0":[2]},"inputSourceMap":null,"_coverageSchema":"1a1c01bbd47fc00a2c39e90264f33305004495a9","hash":"d56a4de1b58d5fdf71b2e6607ff03503a029466f"}
,"/home/diana_zh/frontend-project-46/src/parsers.js": {"path":"/home/diana_zh/frontend-project-46/src/parsers.js","statementMap":{"0":{"start":{"line":3,"column":14},"end":{"line":7,"column":1}},"1":{"start":{"line":9,"column":37},"end":{"line":9,"column":56}}},"fnMap":{"0":{"name":"(anonymous_0)","decl":{"start":{"line":9,"column":15},"end":{"line":9,"column":16}},"loc":{"start":{"line":9,"column":37},"end":{"line":9,"column":56}},"line":9}},"branchMap":{},"s":{"0":1,"1":16},"f":{"0":16},"b":{},"inputSourceMap":null,"_coverageSchema":"1a1c01bbd47fc00a2c39e90264f33305004495a9","hash":"ce4a2a1b79904c699e4676ff62a65884a0862c82"}
}
