TN:
SF:__fixtures__/result.js
FNF:0
FNH:0
DA:1,1
LF:1
LH:1
BRF:0
BRH:0
end_of_record
TN:
SF:__fixtures__/resultJSON.js
FNF:0
FNH:0
DA:1,1
LF:1
LH:1
BRF:0
BRH:0
end_of_record
TN:
SF:__fixtures__/resultPlain.js
FNF:0
FNH:0
DA:1,1
LF:1
LH:1
BRF:0
BRH:0
end_of_record
TN:
SF:src/formatter.js
FN:3,(anonymous_0)
FN:4,(anonymous_1)
FN:11,(anonymous_2)
FN:32,(anonymous_3)
FN:33,(anonymous_4)
FN:41,(anonymous_5)
FN:42,(anonymous_6)
FN:54,(anonymous_7)
FN:56,(anonymous_8)
FN:66,(anonymous_9)
FNF:10
FNH:10
FNDA:48,(anonymous_0)
FNDA:96,(anonymous_1)
FNDA:108,(anonymous_2)
FNDA:2,(anonymous_3)
FNDA:26,(anonymous_4)
FNDA:10,(anonymous_5)
FNDA:26,(anonymous_6)
FNDA:32,(anonymous_7)
FNDA:10,(anonymous_8)
FNDA:8,(anonymous_9)
DA:3,1
DA:4,48
DA:5,96
DA:6,16
DA:8,80
DA:10,48
DA:11,48
DA:12,108
DA:13,108
DA:14,108
DA:15,20
DA:17,88
DA:18,8
DA:20,80
DA:21,28
DA:23,52
DA:24,36
DA:26,16
DA:29,48
DA:32,1
DA:33,2
DA:34,26
DA:35,6
DA:37,20
DA:38,6
DA:41,2
DA:42,10
DA:43,26
DA:44,26
DA:45,4
DA:46,22
DA:47,6
DA:48,16
DA:49,8
DA:51,8
DA:54,32
DA:56,10
DA:57,10
DA:58,10
DA:61,10
DA:63,2
DA:66,1
DA:67,8
DA:69,4
DA:71,2
DA:73,2
DA:75,0
LF:47
LH:46
BRDA:3,0,0,4
BRDA:5,1,0,16
BRDA:5,1,1,80
BRDA:14,2,0,20
BRDA:14,2,1,88
BRDA:17,3,0,8
BRDA:17,3,1,80
BRDA:20,4,0,28
BRDA:20,4,1,52
BRDA:20,5,0,80
BRDA:20,5,1,32
BRDA:23,6,0,36
BRDA:23,6,1,16
BRDA:34,7,0,6
BRDA:34,7,1,20
BRDA:37,8,0,14
BRDA:37,8,1,6
BRDA:41,9,0,2
BRDA:43,10,0,20
BRDA:43,10,1,6
BRDA:44,11,0,4
BRDA:44,11,1,22
BRDA:46,12,0,6
BRDA:46,12,1,16
BRDA:48,13,0,8
BRDA:48,13,1,8
BRDA:48,14,0,16
BRDA:48,14,1,10
BRDA:57,15,0,8
BRDA:57,15,1,2
BRDA:67,16,0,4
BRDA:67,16,1,2
BRDA:67,16,2,2
BRDA:67,16,3,0
BRF:34
BRH:33
end_of_record
TN:
SF:src/index.js
FN:6,(anonymous_0)
FN:7,(anonymous_1)
FN:8,(anonymous_2)
FN:10,(anonymous_3)
FNF:4
FNH:4
FNDA:8,(anonymous_0)
FNDA:16,(anonymous_1)
FNDA:16,(anonymous_2)
FNDA:16,(anonymous_3)
DA:6,1
DA:7,16
DA:8,16
DA:10,16
DA:15,8
DA:16,8
DA:18,8
DA:19,8
DA:21,8
LF:9
LH:9
BRDA:6,0,0,2
BRF:1
BRH:1
end_of_record
TN:
SF:src/parsers.js
FN:9,(anonymous_0)
FNF:1
FNH:1
FNDA:16,(anonymous_0)
DA:3,1
DA:9,16
LF:2
LH:2
BRF:0
BRH:0
end_of_record
